[INFO  - 2017-05-06T01:08:41.699Z] GhostDriver - Main - running on port 30453
[INFO  - 2017-05-06T01:08:43.204Z] Session [8c3455e0-31f8-11e7-956e-59c70e8ccd5c] - page.settings - {"XSSAuditingEnabled":false,"javascriptCanCloseWindows":true,"javascriptCanOpenWindows":true,"javascriptEnabled":true,"loadImages":true,"localToRemoteUrlAccessEnabled":false,"userAgent":"Mozilla/5.0 (Windows NT 6.1; WOW64) AppleWebKit/538.1 (KHTML, like Gecko) PhantomJS/2.1.1 Safari/538.1","webSecurityEnabled":true}
[INFO  - 2017-05-06T01:08:43.204Z] Session [8c3455e0-31f8-11e7-956e-59c70e8ccd5c] - page.customHeaders:  - {}
[INFO  - 2017-05-06T01:08:43.204Z] Session [8c3455e0-31f8-11e7-956e-59c70e8ccd5c] - Session.negotiatedCapabilities - {"browserName":"phantomjs","version":"2.1.1","driverName":"ghostdriver","driverVersion":"1.2.0","platform":"windows-7-32bit","javascriptEnabled":true,"takesScreenshot":true,"handlesAlerts":false,"databaseEnabled":false,"locationContextEnabled":false,"applicationCacheEnabled":false,"browserConnectionEnabled":false,"cssSelectorsEnabled":true,"webStorageEnabled":false,"rotatable":false,"acceptSslCerts":false,"nativeEvents":true,"proxy":{"proxyType":"direct"}}
[INFO  - 2017-05-06T01:08:43.204Z] SessionManagerReqHand - _postNewSessionCommand - New Session Created: 8c3455e0-31f8-11e7-956e-59c70e8ccd5c
[ERROR - 2017-05-06T01:08:47.353Z] WebElementLocator - _handleLocateCommand - Element(s) NOT Found: GAVE UP. Search Stop Time: 1494032927334

  phantomjs://platform/console++.js:263 in error
[ERROR - 2017-05-06T01:08:48.189Z] WebElementLocator - _handleLocateCommand - Element(s) NOT Found: GAVE UP. Search Stop Time: 1494032928175

  phantomjs://platform/console++.js:263 in error
[ERROR - 2017-05-06T01:08:52.214Z] Session [8c3455e0-31f8-11e7-956e-59c70e8ccd5c] - page.onError - msg: [object XMLHttpRequest]

  phantomjs://platform/console++.js:263 in error
[ERROR - 2017-05-06T01:08:52.214Z] Session [8c3455e0-31f8-11e7-956e-59c70e8ccd5c] - page.onError - stack:
  logError (http://s.c.lnkd.licdn.com/sc/h/9drxxbn98m1wnl39taug9cue0,av6io34ld0ysckt7k8a3lvdbs,btrjj3ciwvivugzoncxll19sb:15910)

  phantomjs://platform/console++.js:263 in error
[ERROR - 2017-05-06T01:09:03.029Z] WebElementLocator - _handleLocateCommand - Element(s) NOT Found: GAVE UP. Search Stop Time: 1494032942982

  phantomjs://platform/console++.js:263 in error
[ERROR - 2017-05-06T01:09:03.578Z] WebElementLocator - _handleLocateCommand - Element(s) NOT Found: GAVE UP. Search Stop Time: 1494032943556

  phantomjs://platform/console++.js:263 in error
[ERROR - 2017-05-06T01:09:09.003Z] WebElementLocator - _handleLocateCommand - Element(s) NOT Found: GAVE UP. Search Stop Time: 1494032948957

  phantomjs://platform/console++.js:263 in error
[ERROR - 2017-05-06T01:09:18.831Z] WebElementLocator - _handleLocateCommand - Element(s) NOT Found: GAVE UP. Search Stop Time: 1494032958786

  phantomjs://platform/console++.js:263 in error
[ERROR - 2017-05-06T01:09:19.455Z] WebElementLocator - _handleLocateCommand - Element(s) NOT Found: GAVE UP. Search Stop Time: 1494032959401

  phantomjs://platform/console++.js:263 in error
[ERROR - 2017-05-06T01:09:20.032Z] WebElementLocator - _handleLocateCommand - Element(s) NOT Found: GAVE UP. Search Stop Time: 1494032959973

  phantomjs://platform/console++.js:263 in error
[ERROR - 2017-05-06T01:09:21.874Z] WebElementLocator - _handleLocateCommand - Element(s) NOT Found: GAVE UP. Search Stop Time: 1494032961824

  phantomjs://platform/console++.js:263 in error
[ERROR - 2017-05-06T01:09:22.402Z] WebElementLocator - _handleLocateCommand - Element(s) NOT Found: GAVE UP. Search Stop Time: 1494032962359

  phantomjs://platform/console++.js:263 in error
[ERROR - 2017-05-06T01:09:22.950Z] WebElementLocator - _handleLocateCommand - Element(s) NOT Found: GAVE UP. Search Stop Time: 1494032962888

  phantomjs://platform/console++.js:263 in error
[ERROR - 2017-05-06T01:09:40.811Z] WebElementLocator - _handleLocateCommand - Element(s) NOT Found: GAVE UP. Search Stop Time: 1494032980755

  phantomjs://platform/console++.js:263 in error
[ERROR - 2017-05-06T01:09:41.331Z] WebElementLocator - _handleLocateCommand - Element(s) NOT Found: GAVE UP. Search Stop Time: 1494032981305

  phantomjs://platform/console++.js:263 in error
[ERROR - 2017-05-06T01:09:46.692Z] WebElementLocator - _handleLocateCommand - Element(s) NOT Found: GAVE UP. Search Stop Time: 1494032986644

  phantomjs://platform/console++.js:263 in error
[ERROR - 2017-05-06T01:09:56.426Z] WebElementLocator - _handleLocateCommand - Element(s) NOT Found: GAVE UP. Search Stop Time: 1494032996377

  phantomjs://platform/console++.js:263 in error
[ERROR - 2017-05-06T01:09:56.987Z] WebElementLocator - _handleLocateCommand - Element(s) NOT Found: GAVE UP. Search Stop Time: 1494032996939

  phantomjs://platform/console++.js:263 in error
[ERROR - 2017-05-06T01:09:57.517Z] WebElementLocator - _handleLocateCommand - Element(s) NOT Found: GAVE UP. Search Stop Time: 1494032997474

  phantomjs://platform/console++.js:263 in error
[ERROR - 2017-05-06T01:09:59.294Z] WebElementLocator - _handleLocateCommand - Element(s) NOT Found: GAVE UP. Search Stop Time: 1494032999247

  phantomjs://platform/console++.js:263 in error
[ERROR - 2017-05-06T01:09:59.839Z] WebElementLocator - _handleLocateCommand - Element(s) NOT Found: GAVE UP. Search Stop Time: 1494032999794

  phantomjs://platform/console++.js:263 in error
[ERROR - 2017-05-06T01:10:00.372Z] WebElementLocator - _handleLocateCommand - Element(s) NOT Found: GAVE UP. Search Stop Time: 1494033000328

  phantomjs://platform/console++.js:263 in error
[ERROR - 2017-05-06T01:10:21.039Z] WebElementLocator - _handleLocateCommand - Element(s) NOT Found: GAVE UP. Search Stop Time: 1494033020998

  phantomjs://platform/console++.js:263 in error
[ERROR - 2017-05-06T01:10:21.555Z] WebElementLocator - _handleLocateCommand - Element(s) NOT Found: GAVE UP. Search Stop Time: 1494033021509

  phantomjs://platform/console++.js:263 in error
[ERROR - 2017-05-06T01:10:26.827Z] WebElementLocator - _handleLocateCommand - Element(s) NOT Found: GAVE UP. Search Stop Time: 1494033026779

  phantomjs://platform/console++.js:263 in error
[ERROR - 2017-05-06T01:10:36.529Z] WebElementLocator - _handleLocateCommand - Element(s) NOT Found: GAVE UP. Search Stop Time: 1494033036478

  phantomjs://platform/console++.js:263 in error
[ERROR - 2017-05-06T01:10:37.061Z] WebElementLocator - _handleLocateCommand - Element(s) NOT Found: GAVE UP. Search Stop Time: 1494033037015

  phantomjs://platform/console++.js:263 in error
[ERROR - 2017-05-06T01:10:37.606Z] WebElementLocator - _handleLocateCommand - Element(s) NOT Found: GAVE UP. Search Stop Time: 1494033037549

  phantomjs://platform/console++.js:263 in error
[ERROR - 2017-05-06T01:10:39.399Z] WebElementLocator - _handleLocateCommand - Element(s) NOT Found: GAVE UP. Search Stop Time: 1494033039350

  phantomjs://platform/console++.js:263 in error
[ERROR - 2017-05-06T01:10:39.928Z] WebElementLocator - _handleLocateCommand - Element(s) NOT Found: GAVE UP. Search Stop Time: 1494033039888

  phantomjs://platform/console++.js:263 in error
[ERROR - 2017-05-06T01:10:40.460Z] WebElementLocator - _handleLocateCommand - Element(s) NOT Found: GAVE UP. Search Stop Time: 1494033040410

  phantomjs://platform/console++.js:263 in error
[ERROR - 2017-05-06T01:10:43.752Z] Session [8c3455e0-31f8-11e7-956e-59c70e8ccd5c] - page.onError - msg: [object XMLHttpRequest]

  phantomjs://platform/console++.js:263 in error
[ERROR - 2017-05-06T01:10:43.752Z] Session [8c3455e0-31f8-11e7-956e-59c70e8ccd5c] - page.onError - stack:
  logError (http://s.c.lnkd.licdn.com/sc/h/9drxxbn98m1wnl39taug9cue0,av6io34ld0ysckt7k8a3lvdbs,btrjj3ciwvivugzoncxll19sb:15910)

  phantomjs://platform/console++.js:263 in error
[ERROR - 2017-05-06T01:10:58.024Z] WebElementLocator - _handleLocateCommand - Element(s) NOT Found: GAVE UP. Search Stop Time: 1494033057973

  phantomjs://platform/console++.js:263 in error
[ERROR - 2017-05-06T01:10:58.538Z] WebElementLocator - _handleLocateCommand - Element(s) NOT Found: GAVE UP. Search Stop Time: 1494033058500

  phantomjs://platform/console++.js:263 in error
[ERROR - 2017-05-06T01:11:03.889Z] WebElementLocator - _handleLocateCommand - Element(s) NOT Found: GAVE UP. Search Stop Time: 1494033063843

  phantomjs://platform/console++.js:263 in error
[ERROR - 2017-05-06T01:11:13.578Z] WebElementLocator - _handleLocateCommand - Element(s) NOT Found: GAVE UP. Search Stop Time: 1494033073521

  phantomjs://platform/console++.js:263 in error
[ERROR - 2017-05-06T01:11:14.107Z] WebElementLocator - _handleLocateCommand - Element(s) NOT Found: GAVE UP. Search Stop Time: 1494033074083

  phantomjs://platform/console++.js:263 in error
[ERROR - 2017-05-06T01:11:14.637Z] WebElementLocator - _handleLocateCommand - Element(s) NOT Found: GAVE UP. Search Stop Time: 1494033074587

  phantomjs://platform/console++.js:263 in error
[ERROR - 2017-05-06T01:11:16.385Z] WebElementLocator - _handleLocateCommand - Element(s) NOT Found: GAVE UP. Search Stop Time: 1494033076336

  phantomjs://platform/console++.js:263 in error
[ERROR - 2017-05-06T01:11:16.915Z] WebElementLocator - _handleLocateCommand - Element(s) NOT Found: GAVE UP. Search Stop Time: 1494033076868

  phantomjs://platform/console++.js:263 in error
[ERROR - 2017-05-06T01:11:17.460Z] WebElementLocator - _handleLocateCommand - Element(s) NOT Found: GAVE UP. Search Stop Time: 1494033077412

  phantomjs://platform/console++.js:263 in error
[ERROR - 2017-05-06T01:11:20.752Z] Session [8c3455e0-31f8-11e7-956e-59c70e8ccd5c] - page.onError - msg: [object XMLHttpRequest]

  phantomjs://platform/console++.js:263 in error
[ERROR - 2017-05-06T01:11:20.752Z] Session [8c3455e0-31f8-11e7-956e-59c70e8ccd5c] - page.onError - stack:
  logError (http://s.c.lnkd.licdn.com/sc/h/9drxxbn98m1wnl39taug9cue0,av6io34ld0ysckt7k8a3lvdbs,btrjj3ciwvivugzoncxll19sb:15910)

  phantomjs://platform/console++.js:263 in error
[ERROR - 2017-05-06T01:11:32.312Z] WebElementLocator - _handleLocateCommand - Element(s) NOT Found: GAVE UP. Search Stop Time: 1494033092267

  phantomjs://platform/console++.js:263 in error
[ERROR - 2017-05-06T01:11:32.832Z] WebElementLocator - _handleLocateCommand - Element(s) NOT Found: GAVE UP. Search Stop Time: 1494033092804

  phantomjs://platform/console++.js:263 in error
[ERROR - 2017-05-06T01:11:38.177Z] WebElementLocator - _handleLocateCommand - Element(s) NOT Found: GAVE UP. Search Stop Time: 1494033098129

  phantomjs://platform/console++.js:263 in error
[ERROR - 2017-05-06T01:11:47.863Z] WebElementLocator - _handleLocateCommand - Element(s) NOT Found: GAVE UP. Search Stop Time: 1494033107820

  phantomjs://platform/console++.js:263 in error
[ERROR - 2017-05-06T01:11:48.392Z] WebElementLocator - _handleLocateCommand - Element(s) NOT Found: GAVE UP. Search Stop Time: 1494033108348

  phantomjs://platform/console++.js:263 in error
[ERROR - 2017-05-06T01:11:48.924Z] WebElementLocator - _handleLocateCommand - Element(s) NOT Found: GAVE UP. Search Stop Time: 1494033108874

  phantomjs://platform/console++.js:263 in error
[ERROR - 2017-05-06T01:11:50.739Z] WebElementLocator - _handleLocateCommand - Element(s) NOT Found: GAVE UP. Search Stop Time: 1494033110687

  phantomjs://platform/console++.js:263 in error
[ERROR - 2017-05-06T01:11:51.277Z] WebElementLocator - _handleLocateCommand - Element(s) NOT Found: GAVE UP. Search Stop Time: 1494033111233

  phantomjs://platform/console++.js:263 in error
[ERROR - 2017-05-06T01:11:51.808Z] WebElementLocator - _handleLocateCommand - Element(s) NOT Found: GAVE UP. Search Stop Time: 1494033111759

  phantomjs://platform/console++.js:263 in error
[ERROR - 2017-05-06T01:12:07.301Z] WebElementLocator - _handleLocateCommand - Element(s) NOT Found: GAVE UP. Search Stop Time: 1494033127262

  phantomjs://platform/console++.js:263 in error
[ERROR - 2017-05-06T01:12:07.992Z] WebElementLocator - _handleLocateCommand - Element(s) NOT Found: GAVE UP. Search Stop Time: 1494033127934

  phantomjs://platform/console++.js:263 in error
[ERROR - 2017-05-06T01:12:27.607Z] WebElementLocator - _handleLocateCommand - Element(s) NOT Found: GAVE UP. Search Stop Time: 1494033147538

  phantomjs://platform/console++.js:263 in error
[ERROR - 2017-05-06T01:12:46.651Z] WebElementLocator - _handleLocateCommand - Element(s) NOT Found: GAVE UP. Search Stop Time: 1494033166566

  phantomjs://platform/console++.js:263 in error
[ERROR - 2017-05-06T01:12:48.400Z] WebElementLocator - _handleLocateCommand - Element(s) NOT Found: GAVE UP. Search Stop Time: 1494033168346

  phantomjs://platform/console++.js:263 in error
[ERROR - 2017-05-06T01:13:04.461Z] WebElementLocator - _handleLocateCommand - Element(s) NOT Found: GAVE UP. Search Stop Time: 1494033184454

  phantomjs://platform/console++.js:263 in error
[INFO  - 2017-05-06T01:13:41.694Z] SessionManagerReqHand - _cleanupWindowlessSessions - Asynchronous Sessions clean-up phase starting NOW
[ERROR - 2017-05-06T01:15:52.948Z] WebElementLocator - _handleLocateCommand - Element(s) NOT Found: GAVE UP. Search Stop Time: 1494033352891

  phantomjs://platform/console++.js:263 in error
[ERROR - 2017-05-06T01:16:05.347Z] WebElementLocator - _handleLocateCommand - Element(s) NOT Found: GAVE UP. Search Stop Time: 1494033365303

  phantomjs://platform/console++.js:263 in error
[ERROR - 2017-05-06T01:16:06.693Z] WebElementLocator - _handleLocateCommand - Element(s) NOT Found: GAVE UP. Search Stop Time: 1494033366647

  phantomjs://platform/console++.js:263 in error
[ERROR - 2017-05-06T01:16:08.467Z] WebElementLocator - _handleLocateCommand - Element(s) NOT Found: GAVE UP. Search Stop Time: 1494033368430

  phantomjs://platform/console++.js:263 in error
[ERROR - 2017-05-06T01:16:09.632Z] WebElementLocator - _handleLocateCommand - Element(s) NOT Found: GAVE UP. Search Stop Time: 1494033369574

  phantomjs://platform/console++.js:263 in error
[ERROR - 2017-05-06T01:16:10.755Z] WebElementLocator - _handleLocateCommand - Element(s) NOT Found: GAVE UP. Search Stop Time: 1494033370706

  phantomjs://platform/console++.js:263 in error
[ERROR - 2017-05-06T01:16:26.871Z] WebElementLocator - _handleLocateCommand - Element(s) NOT Found: GAVE UP. Search Stop Time: 1494033386852

  phantomjs://platform/console++.js:263 in error
[ERROR - 2017-05-06T01:16:45.976Z] WebElementLocator - _handleLocateCommand - Element(s) NOT Found: GAVE UP. Search Stop Time: 1494033405959

  phantomjs://platform/console++.js:263 in error
[ERROR - 2017-05-06T01:16:47.375Z] WebElementLocator - _handleLocateCommand - Element(s) NOT Found: GAVE UP. Search Stop Time: 1494033407357

  phantomjs://platform/console++.js:263 in error
[ERROR - 2017-05-06T01:16:48.453Z] WebElementLocator - _handleLocateCommand - Element(s) NOT Found: GAVE UP. Search Stop Time: 1494033408432

  phantomjs://platform/console++.js:263 in error
[ERROR - 2017-05-06T01:16:49.526Z] WebElementLocator - _handleLocateCommand - Element(s) NOT Found: GAVE UP. Search Stop Time: 1494033409505

  phantomjs://platform/console++.js:263 in error
